# JRE version: Java(TM) SE Runtime Environment (8.0_301-b09) (build 1.8.0_301-b09)
# Java VM: Java HotSpot(TM) 64-Bit Server VM (25.301-b09 mixed mode windows-amd64 compressed oops)
Heap:
 PSYoungGen      total 374784K, used 362918K [0x00000000e0000000, 0x00000000fb580000, 0x0000000100000000)
  eden space 334336K, 100% used [0x00000000e0000000,0x00000000f4680000,0x00000000f4680000)
  from space 40448K, 70% used [0x00000000f8e00000,0x00000000fa9e9880,0x00000000fb580000)
  to   space 56832K, 99% used [0x00000000f4680000,0x00000000f7df83b8,0x00000000f7e00000)
 ParOldGen       total 287744K, used 147434K [0x00000000a0000000, 0x00000000b1900000, 0x00000000e0000000)
  object space 287744K, 51% used [0x00000000a0000000,0x00000000a8ffaad0,0x00000000b1900000)
 Metaspace       used 106341K, capacity 113194K, committed 113280K, reserved 1146880K
  class space    used 13919K, capacity 15176K, committed 15232K, reserved 1048576K
GC Heap History (10 events):
Event: 2320.821 GC heap after
Heap after GC invocations=31 (full 5):
 PSYoungGen      total 445440K, used 29884K [0x00000000e0000000, 0x00000000ff400000, 0x0000000100000000)
  eden space 375296K, 0% used [0x00000000e0000000,0x00000000e0000000,0x00000000f6e80000)
  from space 70144K, 42% used [0x00000000faf00000,0x00000000fcc2f320,0x00000000ff380000)
  to   space 66048K, 0% used [0x00000000f6e80000,0x00000000f6e80000,0x00000000faf00000)
 ParOldGen       total 287744K, used 132197K [0x00000000a0000000, 0x00000000b1900000, 0x00000000e0000000)
  object space 287744K, 45% used [0x00000000a0000000,0x00000000a81197f0,0x00000000b1900000)
 Metaspace       used 104651K, capacity 110826K, committed 111360K, reserved 1144832K
  class space    used 13780K, capacity 14934K, committed 15104K, reserved 1048576K
}
Event: 2465.215 GC heap before
{Heap before GC invocations=32 (full 5):
 PSYoungGen      total 445440K, used 405180K [0x00000000e0000000, 0x00000000ff400000, 0x0000000100000000)
  eden space 375296K, 100% used [0x00000000e0000000,0x00000000f6e80000,0x00000000f6e80000)
  from space 70144K, 42% used [0x00000000faf00000,0x00000000fcc2f320,0x00000000ff380000)
  to   space 66048K, 0% used [0x00000000f6e80000,0x00000000f6e80000,0x00000000faf00000)
 ParOldGen       total 287744K, used 132197K [0x00000000a0000000, 0x00000000b1900000, 0x00000000e0000000)
  object space 287744K, 45% used [0x00000000a0000000,0x00000000a81197f0,0x00000000b1900000)
 Metaspace       used 104966K, capacity 111180K, committed 111616K, reserved 1146880K
  class space    used 13797K, capacity 14961K, committed 15104K, reserved 1048576K
Event: 2465.265 GC heap after
Heap after GC invocations=32 (full 5):
 PSYoungGen      total 441344K, used 28611K [0x00000000e0000000, 0x00000000ff500000, 0x0000000100000000)
  eden space 375296K, 0% used [0x00000000e0000000,0x00000000e0000000,0x00000000f6e80000)
  from space 66048K, 43% used [0x00000000f6e80000,0x00000000f8a70e08,0x00000000faf00000)
  to   space 62464K, 0% used [0x00000000fb800000,0x00000000fb800000,0x00000000ff500000)
 ParOldGen       total 287744K, used 132205K [0x00000000a0000000, 0x00000000b1900000, 0x00000000e0000000)
  object space 287744K, 45% used [0x00000000a0000000,0x00000000a811b7f0,0x00000000b1900000)
 Metaspace       used 104966K, capacity 111180K, committed 111616K, reserved 1146880K
  class space    used 13797K, capacity 14961K, committed 15104K, reserved 1048576K
}
Event: 2633.830 GC heap before
{Heap before GC invocations=33 (full 5):
 PSYoungGen      total 441344K, used 403907K [0x00000000e0000000, 0x00000000ff500000, 0x0000000100000000)
  eden space 375296K, 100% used [0x00000000e0000000,0x00000000f6e80000,0x00000000f6e80000)
  from space 66048K, 43% used [0x00000000f6e80000,0x00000000f8a70e08,0x00000000faf00000)
  to   space 62464K, 0% used [0x00000000fb800000,0x00000000fb800000,0x00000000ff500000)
 ParOldGen       total 287744K, used 132205K [0x00000000a0000000, 0x00000000b1900000, 0x00000000e0000000)
  object space 287744K, 45% used [0x00000000a0000000,0x00000000a811b7f0,0x00000000b1900000)
 Metaspace       used 105445K, capacity 112032K, committed 112128K, reserved 1146880K
  class space    used 13846K, capacity 15049K, committed 15104K, reserved 1048576K
Event: 2633.858 GC heap after
Heap after GC invocations=33 (full 5):
 PSYoungGen      total 392192K, used 20372K [0x00000000e0000000, 0x00000000fd680000, 0x0000000100000000)
  eden space 360960K, 0% used [0x00000000e0000000,0x00000000e0000000,0x00000000f6080000)
  from space 31232K, 65% used [0x00000000fb800000,0x00000000fcbe5008,0x00000000fd680000)
  to   space 60416K, 0% used [0x00000000f6080000,0x00000000f6080000,0x00000000f9b80000)
 ParOldGen       total 287744K, used 132213K [0x00000000a0000000, 0x00000000b1900000, 0x00000000e0000000)
  object space 287744K, 45% used [0x00000000a0000000,0x00000000a811d7f0,0x00000000b1900000)
 Metaspace       used 105445K, capacity 112032K, committed 112128K, reserved 1146880K
  class space    used 13846K, capacity 15049K, committed 15104K, reserved 1048576K
}
Event: 2637.874 GC heap before
{Heap before GC invocations=34 (full 5):
 PSYoungGen      total 392192K, used 381332K [0x00000000e0000000, 0x00000000fd680000, 0x0000000100000000)
  eden space 360960K, 100% used [0x00000000e0000000,0x00000000f6080000,0x00000000f6080000)
  from space 31232K, 65% used [0x00000000fb800000,0x00000000fcbe5008,0x00000000fd680000)
  to   space 60416K, 0% used [0x00000000f6080000,0x00000000f6080000,0x00000000f9b80000)
 ParOldGen       total 287744K, used 132213K [0x00000000a0000000, 0x00000000b1900000, 0x00000000e0000000)
  object space 287744K, 45% used [0x00000000a0000000,0x00000000a811d7f0,0x00000000b1900000)
 Metaspace       used 105848K, capacity 112482K, committed 112768K, reserved 1146880K
  class space    used 13876K, capacity 15102K, committed 15232K, reserved 1048576K
Event: 2637.903 GC heap after
Heap after GC invocations=34 (full 5):
 PSYoungGen      total 382976K, used 35473K [0x00000000e0000000, 0x00000000fc900000, 0x0000000100000000)
  eden space 347136K, 0% used [0x00000000e0000000,0x00000000e0000000,0x00000000f5300000)
  from space 35840K, 98% used [0x00000000f6080000,0x00000000f83246f8,0x00000000f8380000)
  to   space 60416K, 0% used [0x00000000f8e00000,0x00000000f8e00000,0x00000000fc900000)
 ParOldGen       total 287744K, used 132221K [0x00000000a0000000, 0x00000000b1900000, 0x00000000e0000000)
  object space 287744K, 45% used [0x00000000a0000000,0x00000000a811f7f0,0x00000000b1900000)
 Metaspace       used 105848K, capacity 112482K, committed 112768K, reserved 1146880K
  class space    used 13876K, capacity 15102K, committed 15232K, reserved 1048576K
}
Event: 2889.469 GC heap before
{Heap before GC invocations=35 (full 5):
 PSYoungGen      total 382976K, used 382609K [0x00000000e0000000, 0x00000000fc900000, 0x0000000100000000)
  eden space 347136K, 100% used [0x00000000e0000000,0x00000000f5300000,0x00000000f5300000)
  from space 35840K, 98% used [0x00000000f6080000,0x00000000f83246f8,0x00000000f8380000)
  to   space 60416K, 0% used [0x00000000f8e00000,0x00000000f8e00000,0x00000000fc900000)
 ParOldGen       total 287744K, used 132221K [0x00000000a0000000, 0x00000000b1900000, 0x00000000e0000000)
  object space 287744K, 45% used [0x00000000a0000000,0x00000000a811f7f0,0x00000000b1900000)
 Metaspace       used 106029K, capacity 112818K, committed 113024K, reserved 1146880K
  class space    used 13897K, capacity 15136K, committed 15232K, reserved 1048576K
Event: 2889.579 GC heap after
Heap after GC invocations=35 (full 5):
 PSYoungGen      total 374784K, used 28582K [0x00000000e0000000, 0x00000000fb580000, 0x0000000100000000)
  eden space 334336K, 0% used [0x00000000e0000000,0x00000000e0000000,0x00000000f4680000)
  from space 40448K, 70% used [0x00000000f8e00000,0x00000000fa9e9880,0x00000000fb580000)
  to   space 56832K, 0% used [0x00000000f4680000,0x00000000f4680000,0x00000000f7e00000)
 ParOldGen       total 287744K, used 132229K [0x00000000a0000000, 0x00000000b1900000, 0x00000000e0000000)
  object space 287744K, 45% used [0x00000000a0000000,0x00000000a81217f0,0x00000000b1900000)
 Metaspace       used 106029K, capacity 112818K, committed 113024K, reserved 1146880K
  class space    used 13897K, capacity 15136K, committed 15232K, reserved 1048576K
}
Event: 2891.806 GC heap before
{Heap before GC invocations=36 (full 5):
 PSYoungGen      total 374784K, used 362918K [0x00000000e0000000, 0x00000000fb580000, 0x0000000100000000)
  eden space 334336K, 100% used [0x00000000e0000000,0x00000000f4680000,0x00000000f4680000)
  from space 40448K, 70% used [0x00000000f8e00000,0x00000000fa9e9880,0x00000000fb580000)
  to   space 56832K, 0% used [0x00000000f4680000,0x00000000f4680000,0x00000000f7e00000)
 ParOldGen       total 287744K, used 132229K [0x00000000a0000000, 0x00000000b1900000, 0x00000000e0000000)
  object space 287744K, 45% used [0x00000000a0000000,0x00000000a81217f0,0x00000000b1900000)
 Metaspace       used 106341K, capacity 113194K, committed 113280K, reserved 1146880K
  class space    used 13919K, capacity 15176K, committed 15232K, reserved 1048576K

